<?xml version="1.0" encoding="UTF-8"?>
<!-- Generated by org.testng.reporters.JUnitXMLReporter -->
<testsuite ignored="0" hostname="DESKTOP-D68VTQJ" failures="2" tests="2" name="Complete test run" time="4.066" errors="0" timestamp="2021-08-18T13:14:31 BST">
  <testcase classname="io.cucumber.testng.AbstractTestNGCucumberTests" name="runScenario" time="2.983">
    <failure type="com.fasterxml.jackson.databind.exc.InvalidDefinitionException" message="Cannot construct instance of `JSON.Students` (no Creators, like default construct, exist): cannot deserialize from Object value (no delegate- or property-based Creator)
 at [Source: (FileInputStream); line: 3, column: 3]">
      <![CDATA[com.fasterxml.jackson.databind.exc.InvalidDefinitionException: Cannot construct instance of `JSON.Students` (no Creators, like default construct, exist): cannot deserialize from Object value (no delegate- or property-based Creator)
 at [Source: (FileInputStream); line: 3, column: 3]
at com.fasterxml.jackson.databind.exc.InvalidDefinitionException.from(InvalidDefinitionException.java:67)
at com.fasterxml.jackson.databind.DeserializationContext.reportBadDefinition(DeserializationContext.java:1589)
at com.fasterxml.jackson.databind.DeserializationContext.handleMissingInstantiator(DeserializationContext.java:1055)
at com.fasterxml.jackson.databind.deser.BeanDeserializerBase.deserializeFromObjectUsingNonDefault(BeanDeserializerBase.java:1297)
at com.fasterxml.jackson.databind.deser.BeanDeserializer.deserializeFromObject(BeanDeserializer.java:326)
at com.fasterxml.jackson.databind.deser.BeanDeserializer.deserialize(BeanDeserializer.java:159)
at com.fasterxml.jackson.databind.ObjectMapper._readMapAndClose(ObjectMapper.java:4202)
at com.fasterxml.jackson.databind.ObjectMapper.readValue(ObjectMapper.java:3242)
at pages.API.StudentsData.createNewStudent(StudentsData.java:13)
at pages.API.APIPage.POSTMethod(APIPage.java:18)
at steps.API.APIGetStep.iCreateANewStudent(APIGetStep.java:22)
at ✽.I create a new student "001 - API - Create a new student"(file:///C:/Users/gffer/Desktop/desafio-web-alelo-Michael/src/test/java/features/API/TesteSovos.feature:6)
]]>
    </failure>
  </testcase> <!-- runScenario -->
  <testcase classname="io.cucumber.testng.AbstractTestNGCucumberTests" name="runScenario" time="3.028">
    <failure type="java.lang.NullPointerException">
      <![CDATA[java.lang.NullPointerException
at Base.ExtentReportUtil.ExtentReportScreenshot(ExtentReportUtil.java:34)
at runner.NGTestListener.onTestFailure(NGTestListener.java:33)
at java.base/java.util.ArrayList.forEach(ArrayList.java:1540)
... Removed 28 stack frames]]>
    </failure>
  </testcase> <!-- runScenario -->
</testsuite> <!-- Complete test run -->
